<?xml version="1.0" encoding="UTF-8"?>
<!-- Generated by org.testng.reporters.JUnitReportReporter -->
<testsuite hostname="kairosHW0443" failures="0" tests="1" name="com.Sunshine.TestScripts.TC_001Log_In" time="1.123" errors="0" timestamp="2023-05-15T10:25:06 IST" skipped="0">
  <testcase classname="com.Sunshine.TestScripts.TC_001Log_In" name="loginTestCase" time="1.123"/>
  <system-out>
    <![CDATA[loginTestCase => test script execution started
loginTestCase => is Passed]]>
  </system-out>
</testsuite> <!-- com.Sunshine.TestScripts.TC_001Log_In -->
